<?xml version="1.0" encoding="UTF-8"?>
<robot generator="Robot 7.0.1 (Python 3.12.4 on win32)" generated="2024-08-08T23:16:54.378104" rpa="false" schemaversion="5">
<suite id="s1" name="Test" source="C:\Users\terk\Desktop\ROBOT\test.robot">
<test id="s1-t1" name="Login Test" line="10">
<kw name="Open Browser" owner="SeleniumLibrary">
<msg time="2024-08-08T23:16:54.590743" level="INFO">Opening browser 'chrome' to base url 'https://www.soccersuck.com/'.</msg>
<arg>${URL}</arg>
<arg>chrome</arg>
<doc>Opens a new browser instance to the optional ``url``.</doc>
<status status="PASS" start="2024-08-08T23:16:54.590247" elapsed="5.248582"/>
</kw>
<kw name="Maximize Browser Window" owner="SeleniumLibrary">
<doc>Maximizes current browser window.</doc>
<status status="PASS" start="2024-08-08T23:16:59.839325" elapsed="0.043648"/>
</kw>
<kw name="Input Username">
<kw name="Input Text" owner="SeleniumLibrary">
<msg time="2024-08-08T23:16:59.884461" level="INFO">Typing text 'terk2416' into text field 'id=header_email'.</msg>
<arg>id=header_email</arg>
<arg>${username}</arg>
<doc>Types the given ``text`` into the text field identified by ``locator``.</doc>
<status status="PASS" start="2024-08-08T23:16:59.883966" elapsed="0.123007"/>
</kw>
<status status="PASS" start="2024-08-08T23:16:59.883469" elapsed="0.123504"/>
</kw>
<kw name="Input Password">
<kw name="Input Text" owner="SeleniumLibrary">
<msg time="2024-08-08T23:17:00.008461" level="INFO">Typing text 't029069070' into text field 'id=header_pass'.</msg>
<arg>id=header_pass</arg>
<arg>${password}</arg>
<doc>Types the given ``text`` into the text field identified by ``locator``.</doc>
<status status="PASS" start="2024-08-08T23:17:00.008461" elapsed="0.196415"/>
</kw>
<status status="PASS" start="2024-08-08T23:17:00.007469" elapsed="0.197407"/>
</kw>
<kw name="Click Login Button">
<kw name="Click Element" owner="SeleniumLibrary">
<msg time="2024-08-08T23:17:00.205869" level="INFO">Clicking element 'xpath=//div[contains(@class, 'header_login')]'.</msg>
<arg>xpath=//div[contains(@class, 'header_login')]</arg>
<doc>Click the element identified by ``locator``.</doc>
<status status="PASS" start="2024-08-08T23:17:00.205869" elapsed="0.046128"/>
</kw>
<status status="PASS" start="2024-08-08T23:17:00.205372" elapsed="0.046625"/>
</kw>
<kw name="Verify Login Success">
<kw name="Wait Until Page Contains Element" owner="SeleniumLibrary">
<arg>xpath=//div[contains(@class, 'header_user_name') and contains(text(), 'terk2416')]</arg>
<doc>Waits until the element ``locator`` appears on the current page.</doc>
<status status="PASS" start="2024-08-08T23:17:00.252492" elapsed="0.372496"/>
</kw>
<status status="PASS" start="2024-08-08T23:17:00.252492" elapsed="0.372496"/>
</kw>
<kw name="Sleep" owner="BuiltIn">
<msg time="2024-08-08T23:17:10.625791" level="INFO">Slept 10 seconds.</msg>
<arg>10s</arg>
<doc>Pauses the test executed for the given time.</doc>
<status status="PASS" start="2024-08-08T23:17:00.625483" elapsed="10.000308"/>
</kw>
<kw name="Verify Logout Success">
<kw name="Click Element" owner="SeleniumLibrary">
<msg time="2024-08-08T23:17:10.626803" level="INFO">Clicking element 'xpath=//div[contains(@class, 'header_logout')]'.</msg>
<arg>xpath=//div[contains(@class, 'header_logout')]</arg>
<doc>Click the element identified by ``locator``.</doc>
<status status="PASS" start="2024-08-08T23:17:10.626311" elapsed="0.948244"/>
</kw>
<status status="PASS" start="2024-08-08T23:17:10.626311" elapsed="0.948244"/>
</kw>
<kw name="Go To" owner="SeleniumLibrary">
<msg time="2024-08-08T23:17:11.575050" level="INFO">Opening url 'https://www.facebook.com/'</msg>
<arg>https://www.facebook.com/</arg>
<doc>Navigates the current browser window to the provided ``url``.</doc>
<status status="PASS" start="2024-08-08T23:17:11.575050" elapsed="1.057569"/>
</kw>
<status status="PASS" start="2024-08-08T23:16:54.589753" elapsed="18.043360"/>
</test>
<status status="PASS" start="2024-08-08T23:16:54.379592" elapsed="18.254515"/>
</suite>
<statistics>
<total>
<stat pass="1" fail="0" skip="0">All Tests</stat>
</total>
<tag>
</tag>
<suite>
<stat pass="1" fail="0" skip="0" id="s1" name="Test">Test</stat>
</suite>
</statistics>
<errors>
</errors>
</robot>
